<?xml version="1.0" encoding="UTF-8"?>
<!-- Generated by org.testng.reporters.JUnitReportReporter -->
<testsuite hostname="DESKTOP-TQ5Q620" failures="0" tests="1" name="Com.PeopleNTech.Framework.Com.PeopleNTech.Frame.HomeDepotCreate" time="13.346" errors="0" timestamp="2021-04-27T22:29:51 EDT" skipped="0">
  <testcase classname="Com.PeopleNTech.Framework.Com.PeopleNTech.Frame.HomeDepotCreate" name="f" time="13.346"/>
  <system-out/>
</testsuite> <!-- Com.PeopleNTech.Framework.Com.PeopleNTech.Frame.HomeDepotCreate -->
